<?xml version="1.0" encoding="UTF-8"?>
<coverage generated="1778479944306" clover="3.2.0">
  <project timestamp="1778479944306" name="All files">
    <metrics statements="21" coveredstatements="20" conditionals="123" coveredconditionals="110" methods="4" coveredmethods="4" elements="148" coveredelements="134" complexity="0" loc="21" ncloc="21" packages="1" files="1" classes="1"/>
    <file name="wizardHelpers.js" path="/Users/birwin/deal-feed-dashboard/src/lib/wizardHelpers.js">
      <metrics statements="21" coveredstatements="20" conditionals="123" coveredconditionals="110" methods="4" coveredmethods="4"/>
      <line num="5" count="1" type="stmt"/>
      <line num="63" count="480" type="cond" truecount="5" falsecount="0"/>
      <line num="64" count="48" type="stmt"/>
      <line num="65" count="48" type="cond" truecount="1" falsecount="1"/>
      <line num="66" count="48" type="stmt"/>
      <line num="80" count="12" type="cond" truecount="2" falsecount="0"/>
      <line num="81" count="4" type="stmt"/>
      <line num="90" count="8" type="cond" truecount="4" falsecount="0"/>
      <line num="91" count="4" type="stmt"/>
      <line num="94" count="4" type="cond" truecount="1" falsecount="1"/>
      <line num="95" count="4" type="cond" truecount="2" falsecount="0"/>
      <line num="98" count="0" type="stmt"/>
      <line num="119" count="32" type="cond" truecount="2" falsecount="0"/>
      <line num="120" count="1" type="stmt"/>
      <line num="123" count="31" type="stmt"/>
      <line num="126" count="32" type="stmt"/>
      <line num="191" count="32" type="stmt"/>
      <line num="206" count="27" type="stmt"/>
      <line num="207" count="27" type="cond" truecount="2" falsecount="0"/>
      <line num="212" count="1" type="stmt"/>
      <line num="215" count="27" type="stmt"/>
    </file>
  </project>
</coverage>
