<?xml version="1.0" encoding="UTF-8"?>
<coverage generated="1778287446582" clover="3.2.0">
  <project timestamp="1778287446582" name="All files">
    <metrics statements="64" coveredstatements="64" conditionals="115" coveredconditionals="115" methods="10" coveredmethods="10" elements="189" coveredelements="189" complexity="0" loc="64" ncloc="64" packages="1" files="2" classes="2"/>
    <file name="format.js" path="/Users/birwin/deal-feed-dashboard/src/lib/format.js">
      <metrics statements="29" coveredstatements="29" conditionals="42" coveredconditionals="42" methods="6" coveredmethods="6"/>
      <line num="2" count="23" type="cond" truecount="2" falsecount="0"/>
      <line num="3" count="21" type="stmt"/>
      <line num="4" count="21" type="cond" truecount="2" falsecount="0"/>
      <line num="5" count="16" type="cond" truecount="2" falsecount="0"/>
      <line num="6" count="12" type="cond" truecount="2" falsecount="0"/>
      <line num="7" count="8" type="stmt"/>
      <line num="11" count="14" type="cond" truecount="2" falsecount="0"/>
      <line num="12" count="12" type="stmt"/>
      <line num="13" count="12" type="cond" truecount="2" falsecount="0"/>
      <line num="14" count="10" type="cond" truecount="2" falsecount="0"/>
      <line num="15" count="7" type="cond" truecount="2" falsecount="0"/>
      <line num="16" count="4" type="stmt"/>
      <line num="20" count="18" type="cond" truecount="6" falsecount="0"/>
      <line num="21" count="13" type="stmt"/>
      <line num="25" count="19" type="cond" truecount="4" falsecount="0"/>
      <line num="29" count="9" type="cond" truecount="2" falsecount="0"/>
      <line num="30" count="7" type="stmt"/>
      <line num="31" count="7" type="cond" truecount="2" falsecount="0"/>
      <line num="32" count="6" type="stmt"/>
      <line num="33" count="6" type="stmt"/>
      <line num="34" count="6" type="cond" truecount="2" falsecount="0"/>
      <line num="35" count="5" type="stmt"/>
      <line num="36" count="5" type="cond" truecount="2" falsecount="0"/>
      <line num="37" count="4" type="cond" truecount="2" falsecount="0"/>
      <line num="38" count="3" type="stmt"/>
      <line num="42" count="8" type="cond" truecount="2" falsecount="0"/>
      <line num="43" count="6" type="cond" truecount="2" falsecount="0"/>
      <line num="44" count="4" type="cond" truecount="2" falsecount="0"/>
      <line num="45" count="2" type="stmt"/>
    </file>
    <file name="wizardHelpers.js" path="/Users/birwin/deal-feed-dashboard/src/lib/wizardHelpers.js">
      <metrics statements="35" coveredstatements="35" conditionals="73" coveredconditionals="73" methods="4" coveredmethods="4"/>
      <line num="8" count="321" type="cond" truecount="5" falsecount="0"/>
      <line num="9" count="27" type="stmt"/>
      <line num="10" count="27" type="cond" truecount="2" falsecount="0"/>
      <line num="11" count="25" type="stmt"/>
      <line num="20" count="17" type="stmt"/>
      <line num="22" count="17" type="cond" truecount="2" falsecount="0"/>
      <line num="23" count="13" type="cond" truecount="2" falsecount="0"/>
      <line num="24" count="10" type="cond" truecount="2" falsecount="0"/>
      <line num="25" count="7" type="cond" truecount="2" falsecount="0"/>
      <line num="26" count="6" type="cond" truecount="2" falsecount="0"/>
      <line num="28" count="1" type="stmt"/>
      <line num="40" count="27" type="cond" truecount="2" falsecount="0"/>
      <line num="41" count="23" type="cond" truecount="2" falsecount="0"/>
      <line num="42" count="17" type="cond" truecount="2" falsecount="0"/>
      <line num="43" count="12" type="cond" truecount="4" falsecount="0"/>
      <line num="44" count="8" type="cond" truecount="2" falsecount="0"/>
      <line num="45" count="7" type="cond" truecount="2" falsecount="0"/>
      <line num="46" count="6" type="cond" truecount="2" falsecount="0"/>
      <line num="47" count="5" type="cond" truecount="2" falsecount="0"/>
      <line num="48" count="4" type="stmt"/>
      <line num="49" count="4" type="cond" truecount="2" falsecount="0"/>
      <line num="51" count="1" type="stmt"/>
      <line num="62" count="34" type="stmt"/>
      <line num="64" count="34" type="cond" truecount="2" falsecount="0"/>
      <line num="65" count="28" type="stmt"/>
      <line num="66" count="6" type="cond" truecount="2" falsecount="0"/>
      <line num="67" count="2" type="stmt"/>
      <line num="68" count="4" type="cond" truecount="2" falsecount="0"/>
      <line num="69" count="1" type="stmt"/>
      <line num="70" count="3" type="cond" truecount="2" falsecount="0"/>
      <line num="71" count="2" type="cond" truecount="2" falsecount="0"/>
      <line num="72" count="2" type="stmt"/>
      <line num="73" count="2" type="cond" truecount="2" falsecount="0"/>
      <line num="74" count="2" type="cond" truecount="2" falsecount="0"/>
      <line num="77" count="34" type="stmt"/>
    </file>
  </project>
</coverage>
