{"/Users/birwin/deal-feed-dashboard/src/lib/format.js": {"path":"/Users/birwin/deal-feed-dashboard/src/lib/format.js","statementMap":{"0":{"start":{"line":2,"column":2},"end":{"line":2,"column":null}},"1":{"start":{"line":2,"column":17},"end":{"line":2,"column":null}},"2":{"start":{"line":3,"column":14},"end":{"line":3,"column":23}},"3":{"start":{"line":4,"column":2},"end":{"line":4,"column":null}},"4":{"start":{"line":4,"column":22},"end":{"line":4,"column":null}},"5":{"start":{"line":5,"column":2},"end":{"line":5,"column":null}},"6":{"start":{"line":5,"column":24},"end":{"line":5,"column":null}},"7":{"start":{"line":6,"column":2},"end":{"line":6,"column":null}},"8":{"start":{"line":6,"column":20},"end":{"line":6,"column":null}},"9":{"start":{"line":7,"column":2},"end":{"line":7,"column":null}},"10":{"start":{"line":11,"column":2},"end":{"line":11,"column":null}},"11":{"start":{"line":11,"column":17},"end":{"line":11,"column":null}},"12":{"start":{"line":12,"column":14},"end":{"line":12,"column":23}},"13":{"start":{"line":13,"column":2},"end":{"line":13,"column":null}},"14":{"start":{"line":13,"column":22},"end":{"line":13,"column":null}},"15":{"start":{"line":14,"column":2},"end":{"line":14,"column":null}},"16":{"start":{"line":14,"column":17},"end":{"line":14,"column":null}},"17":{"start":{"line":15,"column":2},"end":{"line":15,"column":null}},"18":{"start":{"line":15,"column":17},"end":{"line":15,"column":null}},"19":{"start":{"line":16,"column":2},"end":{"line":16,"column":null}},"20":{"start":{"line":20,"column":2},"end":{"line":20,"column":null}},"21":{"start":{"line":20,"column":74},"end":{"line":20,"column":null}},"22":{"start":{"line":21,"column":2},"end":{"line":21,"column":null}},"23":{"start":{"line":25,"column":2},"end":{"line":25,"column":null}},"24":{"start":{"line":29,"column":2},"end":{"line":29,"column":null}},"25":{"start":{"line":29,"column":16},"end":{"line":29,"column":null}},"26":{"start":{"line":30,"column":15},"end":{"line":30,"column":32}},"27":{"start":{"line":31,"column":2},"end":{"line":31,"column":null}},"28":{"start":{"line":31,"column":29},"end":{"line":31,"column":null}},"29":{"start":{"line":32,"column":14},"end":{"line":32,"column":24}},"30":{"start":{"line":33,"column":17},"end":{"line":33,"column":null}},"31":{"start":{"line":34,"column":2},"end":{"line":34,"column":null}},"32":{"start":{"line":34,"column":18},"end":{"line":34,"column":null}},"33":{"start":{"line":35,"column":15},"end":{"line":35,"column":57}},"34":{"start":{"line":36,"column":2},"end":{"line":36,"column":null}},"35":{"start":{"line":36,"column":18},"end":{"line":36,"column":null}},"36":{"start":{"line":37,"column":2},"end":{"line":37,"column":null}},"37":{"start":{"line":37,"column":18},"end":{"line":37,"column":null}},"38":{"start":{"line":38,"column":2},"end":{"line":38,"column":null}},"39":{"start":{"line":42,"column":2},"end":{"line":42,"column":null}},"40":{"start":{"line":42,"column":20},"end":{"line":42,"column":null}},"41":{"start":{"line":43,"column":2},"end":{"line":43,"column":null}},"42":{"start":{"line":43,"column":17},"end":{"line":43,"column":null}},"43":{"start":{"line":44,"column":2},"end":{"line":44,"column":null}},"44":{"start":{"line":44,"column":18},"end":{"line":44,"column":null}},"45":{"start":{"line":45,"column":2},"end":{"line":45,"column":null}}},"fnMap":{"0":{"name":"fmtMoney","decl":{"start":{"line":1,"column":16},"end":{"line":1,"column":25}},"loc":{"start":{"line":1,"column":28},"end":{"line":7,"column":null}},"line":1},"1":{"name":"scoreClass","decl":{"start":{"line":10,"column":16},"end":{"line":10,"column":27}},"loc":{"start":{"line":10,"column":30},"end":{"line":16,"column":null}},"line":10},"2":{"name":"fmt","decl":{"start":{"line":19,"column":16},"end":{"line":19,"column":20}},"loc":{"start":{"line":19,"column":25},"end":{"line":21,"column":null}},"line":19},"3":{"name":"hasVal","decl":{"start":{"line":24,"column":16},"end":{"line":24,"column":23}},"loc":{"start":{"line":24,"column":28},"end":{"line":25,"column":null}},"line":24},"4":{"name":"fmtRelativeTime","decl":{"start":{"line":28,"column":16},"end":{"line":28,"column":32}},"loc":{"start":{"line":28,"column":41},"end":{"line":38,"column":null}},"line":28},"5":{"name":"agingColor","decl":{"start":{"line":41,"column":16},"end":{"line":41,"column":27}},"loc":{"start":{"line":41,"column":33},"end":{"line":45,"column":null}},"line":41}},"branchMap":{"0":{"loc":{"start":{"line":2,"column":2},"end":{"line":2,"column":null}},"type":"if","locations":[{"start":{"line":2,"column":2},"end":{"line":2,"column":null}},{"start":{},"end":{}}],"line":2},"1":{"loc":{"start":{"line":4,"column":2},"end":{"line":4,"column":null}},"type":"if","locations":[{"start":{"line":4,"column":2},"end":{"line":4,"column":null}},{"start":{},"end":{}}],"line":4},"2":{"loc":{"start":{"line":5,"column":2},"end":{"line":5,"column":null}},"type":"if","locations":[{"start":{"line":5,"column":2},"end":{"line":5,"column":null}},{"start":{},"end":{}}],"line":5},"3":{"loc":{"start":{"line":6,"column":2},"end":{"line":6,"column":null}},"type":"if","locations":[{"start":{"line":6,"column":2},"end":{"line":6,"column":null}},{"start":{},"end":{}}],"line":6},"4":{"loc":{"start":{"line":11,"column":2},"end":{"line":11,"column":null}},"type":"if","locations":[{"start":{"line":11,"column":2},"end":{"line":11,"column":null}},{"start":{},"end":{}}],"line":11},"5":{"loc":{"start":{"line":13,"column":2},"end":{"line":13,"column":null}},"type":"if","locations":[{"start":{"line":13,"column":2},"end":{"line":13,"column":null}},{"start":{},"end":{}}],"line":13},"6":{"loc":{"start":{"line":14,"column":2},"end":{"line":14,"column":null}},"type":"if","locations":[{"start":{"line":14,"column":2},"end":{"line":14,"column":null}},{"start":{},"end":{}}],"line":14},"7":{"loc":{"start":{"line":15,"column":2},"end":{"line":15,"column":null}},"type":"if","locations":[{"start":{"line":15,"column":2},"end":{"line":15,"column":null}},{"start":{},"end":{}}],"line":15},"8":{"loc":{"start":{"line":20,"column":2},"end":{"line":20,"column":null}},"type":"if","locations":[{"start":{"line":20,"column":2},"end":{"line":20,"column":null}},{"start":{},"end":{}}],"line":20},"9":{"loc":{"start":{"line":20,"column":6},"end":{"line":20,"column":74}},"type":"binary-expr","locations":[{"start":{"line":20,"column":6},"end":{"line":20,"column":21}},{"start":{"line":20,"column":21},"end":{"line":20,"column":35}},{"start":{"line":20,"column":35},"end":{"line":20,"column":53}},{"start":{"line":20,"column":53},"end":{"line":20,"column":74}}],"line":20},"10":{"loc":{"start":{"line":25,"column":9},"end":{"line":25,"column":null}},"type":"binary-expr","locations":[{"start":{"line":25,"column":9},"end":{"line":25,"column":24}},{"start":{"line":25,"column":24},"end":{"line":25,"column":38}},{"start":{"line":25,"column":38},"end":{"line":25,"column":56}},{"start":{"line":25,"column":56},"end":{"line":25,"column":null}}],"line":25},"11":{"loc":{"start":{"line":29,"column":2},"end":{"line":29,"column":null}},"type":"if","locations":[{"start":{"line":29,"column":2},"end":{"line":29,"column":null}},{"start":{},"end":{}}],"line":29},"12":{"loc":{"start":{"line":31,"column":2},"end":{"line":31,"column":null}},"type":"if","locations":[{"start":{"line":31,"column":2},"end":{"line":31,"column":null}},{"start":{},"end":{}}],"line":31},"13":{"loc":{"start":{"line":34,"column":2},"end":{"line":34,"column":null}},"type":"if","locations":[{"start":{"line":34,"column":2},"end":{"line":34,"column":null}},{"start":{},"end":{}}],"line":34},"14":{"loc":{"start":{"line":36,"column":2},"end":{"line":36,"column":null}},"type":"if","locations":[{"start":{"line":36,"column":2},"end":{"line":36,"column":null}},{"start":{},"end":{}}],"line":36},"15":{"loc":{"start":{"line":37,"column":2},"end":{"line":37,"column":null}},"type":"if","locations":[{"start":{"line":37,"column":2},"end":{"line":37,"column":null}},{"start":{},"end":{}}],"line":37},"16":{"loc":{"start":{"line":42,"column":2},"end":{"line":42,"column":null}},"type":"if","locations":[{"start":{"line":42,"column":2},"end":{"line":42,"column":null}},{"start":{},"end":{}}],"line":42},"17":{"loc":{"start":{"line":43,"column":2},"end":{"line":43,"column":null}},"type":"if","locations":[{"start":{"line":43,"column":2},"end":{"line":43,"column":null}},{"start":{},"end":{}}],"line":43},"18":{"loc":{"start":{"line":44,"column":2},"end":{"line":44,"column":null}},"type":"if","locations":[{"start":{"line":44,"column":2},"end":{"line":44,"column":null}},{"start":{},"end":{}}],"line":44}},"s":{"0":23,"1":2,"2":21,"3":21,"4":5,"5":16,"6":16,"7":12,"8":12,"9":8,"10":14,"11":2,"12":12,"13":12,"14":2,"15":10,"16":3,"17":7,"18":3,"19":4,"20":18,"21":5,"22":13,"23":19,"24":9,"25":2,"26":7,"27":7,"28":1,"29":6,"30":6,"31":6,"32":1,"33":5,"34":5,"35":1,"36":4,"37":4,"38":3,"39":8,"40":2,"41":6,"42":6,"43":4,"44":4,"45":2},"f":{"0":23,"1":14,"2":18,"3":19,"4":9,"5":8},"b":{"0":[2,21],"1":[5,16],"2":[4,12],"3":[4,8],"4":[2,12],"5":[2,10],"6":[3,7],"7":[3,4],"8":[5,13],"9":[18,16,15,14],"10":[19,17,16,15],"11":[2,7],"12":[1,6],"13":[1,5],"14":[1,4],"15":[1,3],"16":[2,6],"17":[2,4],"18":[2,2]},"meta":{"lastBranch":19,"lastFunction":6,"lastStatement":46,"seen":{"f:1:16:1:25":0,"b:2:2:2:Infinity:undefined:undefined:undefined:undefined":0,"s:2:2:2:Infinity":0,"s:2:17:2:Infinity":1,"s:3:14:3:23":2,"b:4:2:4:Infinity:undefined:undefined:undefined:undefined":1,"s:4:2:4:Infinity":3,"s:4:22:4:Infinity":4,"b:5:2:5:Infinity:undefined:undefined:undefined:undefined":2,"s:5:2:5:Infinity":5,"s:5:24:5:Infinity":6,"b:6:2:6:Infinity:undefined:undefined:undefined:undefined":3,"s:6:2:6:Infinity":7,"s:6:20:6:Infinity":8,"s:7:2:7:Infinity":9,"f:10:16:10:27":1,"b:11:2:11:Infinity:undefined:undefined:undefined:undefined":4,"s:11:2:11:Infinity":10,"s:11:17:11:Infinity":11,"s:12:14:12:23":12,"b:13:2:13:Infinity:undefined:undefined:undefined:undefined":5,"s:13:2:13:Infinity":13,"s:13:22:13:Infinity":14,"b:14:2:14:Infinity:undefined:undefined:undefined:undefined":6,"s:14:2:14:Infinity":15,"s:14:17:14:Infinity":16,"b:15:2:15:Infinity:undefined:undefined:undefined:undefined":7,"s:15:2:15:Infinity":17,"s:15:17:15:Infinity":18,"s:16:2:16:Infinity":19,"f:19:16:19:20":2,"b:20:2:20:Infinity:undefined:undefined:undefined:undefined":8,"s:20:2:20:Infinity":20,"b:20:6:20:21:20:21:20:35:20:35:20:53:20:53:20:74":9,"s:20:74:20:Infinity":21,"s:21:2:21:Infinity":22,"f:24:16:24:23":3,"s:25:2:25:Infinity":23,"b:25:9:25:24:25:24:25:38:25:38:25:56:25:56:25:Infinity":10,"f:28:16:28:32":4,"b:29:2:29:Infinity:undefined:undefined:undefined:undefined":11,"s:29:2:29:Infinity":24,"s:29:16:29:Infinity":25,"s:30:15:30:32":26,"b:31:2:31:Infinity:undefined:undefined:undefined:undefined":12,"s:31:2:31:Infinity":27,"s:31:29:31:Infinity":28,"s:32:14:32:24":29,"s:33:17:33:Infinity":30,"b:34:2:34:Infinity:undefined:undefined:undefined:undefined":13,"s:34:2:34:Infinity":31,"s:34:18:34:Infinity":32,"s:35:15:35:57":33,"b:36:2:36:Infinity:undefined:undefined:undefined:undefined":14,"s:36:2:36:Infinity":34,"s:36:18:36:Infinity":35,"b:37:2:37:Infinity:undefined:undefined:undefined:undefined":15,"s:37:2:37:Infinity":36,"s:37:18:37:Infinity":37,"s:38:2:38:Infinity":38,"f:41:16:41:27":5,"b:42:2:42:Infinity:undefined:undefined:undefined:undefined":16,"s:42:2:42:Infinity":39,"s:42:20:42:Infinity":40,"b:43:2:43:Infinity:undefined:undefined:undefined:undefined":17,"s:43:2:43:Infinity":41,"s:43:17:43:Infinity":42,"b:44:2:44:Infinity:undefined:undefined:undefined:undefined":18,"s:44:2:44:Infinity":43,"s:44:18:44:Infinity":44,"s:45:2:45:Infinity":45}}}
,"/Users/birwin/deal-feed-dashboard/src/lib/wizardHelpers.js": {"path":"/Users/birwin/deal-feed-dashboard/src/lib/wizardHelpers.js","statementMap":{"0":{"start":{"line":8,"column":2},"end":{"line":8,"column":null}},"1":{"start":{"line":8,"column":49},"end":{"line":8,"column":null}},"2":{"start":{"line":9,"column":12},"end":{"line":9,"column":21}},"3":{"start":{"line":10,"column":2},"end":{"line":10,"column":null}},"4":{"start":{"line":10,"column":20},"end":{"line":10,"column":null}},"5":{"start":{"line":11,"column":2},"end":{"line":11,"column":null}},"6":{"start":{"line":20,"column":76},"end":{"line":20,"column":null}},"7":{"start":{"line":22,"column":2},"end":{"line":22,"column":null}},"8":{"start":{"line":22,"column":27},"end":{"line":22,"column":null}},"9":{"start":{"line":23,"column":2},"end":{"line":23,"column":null}},"10":{"start":{"line":23,"column":27},"end":{"line":23,"column":null}},"11":{"start":{"line":24,"column":2},"end":{"line":24,"column":null}},"12":{"start":{"line":24,"column":25},"end":{"line":24,"column":null}},"13":{"start":{"line":25,"column":2},"end":{"line":26,"column":null}},"14":{"start":{"line":26,"column":4},"end":{"line":26,"column":null}},"15":{"start":{"line":28,"column":2},"end":{"line":28,"column":null}},"16":{"start":{"line":40,"column":2},"end":{"line":40,"column":null}},"17":{"start":{"line":40,"column":18},"end":{"line":40,"column":null}},"18":{"start":{"line":41,"column":2},"end":{"line":41,"column":null}},"19":{"start":{"line":41,"column":18},"end":{"line":41,"column":null}},"20":{"start":{"line":42,"column":2},"end":{"line":42,"column":null}},"21":{"start":{"line":42,"column":18},"end":{"line":42,"column":null}},"22":{"start":{"line":43,"column":2},"end":{"line":43,"column":null}},"23":{"start":{"line":43,"column":18},"end":{"line":43,"column":null}},"24":{"start":{"line":44,"column":2},"end":{"line":44,"column":null}},"25":{"start":{"line":44,"column":18},"end":{"line":44,"column":null}},"26":{"start":{"line":45,"column":2},"end":{"line":45,"column":null}},"27":{"start":{"line":45,"column":18},"end":{"line":45,"column":null}},"28":{"start":{"line":46,"column":2},"end":{"line":46,"column":null}},"29":{"start":{"line":46,"column":18},"end":{"line":46,"column":null}},"30":{"start":{"line":47,"column":2},"end":{"line":49,"column":null}},"31":{"start":{"line":48,"column":17},"end":{"line":48,"column":null}},"32":{"start":{"line":49,"column":4},"end":{"line":49,"column":null}},"33":{"start":{"line":51,"column":2},"end":{"line":51,"column":null}},"34":{"start":{"line":62,"column":14},"end":{"line":62,"column":16}},"35":{"start":{"line":64,"column":2},"end":{"line":74,"column":null}},"36":{"start":{"line":65,"column":4},"end":{"line":65,"column":null}},"37":{"start":{"line":66,"column":13},"end":{"line":74,"column":null}},"38":{"start":{"line":67,"column":4},"end":{"line":67,"column":null}},"39":{"start":{"line":68,"column":13},"end":{"line":74,"column":null}},"40":{"start":{"line":69,"column":4},"end":{"line":69,"column":null}},"41":{"start":{"line":70,"column":13},"end":{"line":74,"column":null}},"42":{"start":{"line":71,"column":4},"end":{"line":71,"column":null}},"43":{"start":{"line":72,"column":4},"end":{"line":72,"column":null}},"44":{"start":{"line":73,"column":4},"end":{"line":73,"column":null}},"45":{"start":{"line":73,"column":37},"end":{"line":73,"column":null}},"46":{"start":{"line":74,"column":4},"end":{"line":74,"column":null}},"47":{"start":{"line":74,"column":37},"end":{"line":74,"column":null}},"48":{"start":{"line":77,"column":2},"end":{"line":100,"column":null}}},"fnMap":{"0":{"name":"toNum","decl":{"start":{"line":7,"column":16},"end":{"line":7,"column":22}},"loc":{"start":{"line":7,"column":25},"end":{"line":11,"column":null}},"line":7},"1":{"name":"activeGeoHasData","decl":{"start":{"line":19,"column":16},"end":{"line":19,"column":33}},"loc":{"start":{"line":19,"column":39},"end":{"line":28,"column":null}},"line":19},"2":{"name":"canProceedStep","decl":{"start":{"line":39,"column":16},"end":{"line":39,"column":31}},"loc":{"start":{"line":39,"column":43},"end":{"line":51,"column":null}},"line":39},"3":{"name":"buildPayload","decl":{"start":{"line":61,"column":16},"end":{"line":61,"column":29}},"loc":{"start":{"line":61,"column":35},"end":{"line":100,"column":null}},"line":61}},"branchMap":{"0":{"loc":{"start":{"line":8,"column":2},"end":{"line":8,"column":null}},"type":"if","locations":[{"start":{"line":8,"column":2},"end":{"line":8,"column":null}},{"start":{},"end":{}}],"line":8},"1":{"loc":{"start":{"line":8,"column":6},"end":{"line":8,"column":49}},"type":"binary-expr","locations":[{"start":{"line":8,"column":6},"end":{"line":8,"column":18}},{"start":{"line":8,"column":18},"end":{"line":8,"column":32}},{"start":{"line":8,"column":32},"end":{"line":8,"column":49}}],"line":8},"2":{"loc":{"start":{"line":10,"column":2},"end":{"line":10,"column":null}},"type":"if","locations":[{"start":{"line":10,"column":2},"end":{"line":10,"column":null}},{"start":{},"end":{}}],"line":10},"3":{"loc":{"start":{"line":22,"column":2},"end":{"line":22,"column":null}},"type":"if","locations":[{"start":{"line":22,"column":2},"end":{"line":22,"column":null}},{"start":{},"end":{}}],"line":22},"4":{"loc":{"start":{"line":23,"column":2},"end":{"line":23,"column":null}},"type":"if","locations":[{"start":{"line":23,"column":2},"end":{"line":23,"column":null}},{"start":{},"end":{}}],"line":23},"5":{"loc":{"start":{"line":24,"column":2},"end":{"line":24,"column":null}},"type":"if","locations":[{"start":{"line":24,"column":2},"end":{"line":24,"column":null}},{"start":{},"end":{}}],"line":24},"6":{"loc":{"start":{"line":25,"column":2},"end":{"line":26,"column":null}},"type":"if","locations":[{"start":{"line":25,"column":2},"end":{"line":26,"column":null}},{"start":{},"end":{}}],"line":25},"7":{"loc":{"start":{"line":26,"column":11},"end":{"line":26,"column":null}},"type":"binary-expr","locations":[{"start":{"line":26,"column":11},"end":{"line":26,"column":51}},{"start":{"line":26,"column":51},"end":{"line":26,"column":null}}],"line":26},"8":{"loc":{"start":{"line":40,"column":2},"end":{"line":40,"column":null}},"type":"if","locations":[{"start":{"line":40,"column":2},"end":{"line":40,"column":null}},{"start":{},"end":{}}],"line":40},"9":{"loc":{"start":{"line":41,"column":2},"end":{"line":41,"column":null}},"type":"if","locations":[{"start":{"line":41,"column":2},"end":{"line":41,"column":null}},{"start":{},"end":{}}],"line":41},"10":{"loc":{"start":{"line":42,"column":2},"end":{"line":42,"column":null}},"type":"if","locations":[{"start":{"line":42,"column":2},"end":{"line":42,"column":null}},{"start":{},"end":{}}],"line":42},"11":{"loc":{"start":{"line":43,"column":2},"end":{"line":43,"column":null}},"type":"if","locations":[{"start":{"line":43,"column":2},"end":{"line":43,"column":null}},{"start":{},"end":{}}],"line":43},"12":{"loc":{"start":{"line":43,"column":25},"end":{"line":43,"column":null}},"type":"binary-expr","locations":[{"start":{"line":43,"column":25},"end":{"line":43,"column":60}},{"start":{"line":43,"column":64},"end":{"line":43,"column":null}}],"line":43},"13":{"loc":{"start":{"line":44,"column":2},"end":{"line":44,"column":null}},"type":"if","locations":[{"start":{"line":44,"column":2},"end":{"line":44,"column":null}},{"start":{},"end":{}}],"line":44},"14":{"loc":{"start":{"line":45,"column":2},"end":{"line":45,"column":null}},"type":"if","locations":[{"start":{"line":45,"column":2},"end":{"line":45,"column":null}},{"start":{},"end":{}}],"line":45},"15":{"loc":{"start":{"line":46,"column":2},"end":{"line":46,"column":null}},"type":"if","locations":[{"start":{"line":46,"column":2},"end":{"line":46,"column":null}},{"start":{},"end":{}}],"line":46},"16":{"loc":{"start":{"line":47,"column":2},"end":{"line":49,"column":null}},"type":"if","locations":[{"start":{"line":47,"column":2},"end":{"line":49,"column":null}},{"start":{},"end":{}}],"line":47},"17":{"loc":{"start":{"line":49,"column":11},"end":{"line":49,"column":null}},"type":"binary-expr","locations":[{"start":{"line":49,"column":11},"end":{"line":49,"column":30}},{"start":{"line":49,"column":34},"end":{"line":49,"column":null}}],"line":49},"18":{"loc":{"start":{"line":64,"column":2},"end":{"line":74,"column":null}},"type":"if","locations":[{"start":{"line":64,"column":2},"end":{"line":74,"column":null}},{"start":{"line":66,"column":13},"end":{"line":74,"column":null}}],"line":64},"19":{"loc":{"start":{"line":66,"column":13},"end":{"line":74,"column":null}},"type":"if","locations":[{"start":{"line":66,"column":13},"end":{"line":74,"column":null}},{"start":{"line":68,"column":13},"end":{"line":74,"column":null}}],"line":66},"20":{"loc":{"start":{"line":68,"column":13},"end":{"line":74,"column":null}},"type":"if","locations":[{"start":{"line":68,"column":13},"end":{"line":74,"column":null}},{"start":{"line":70,"column":13},"end":{"line":74,"column":null}}],"line":68},"21":{"loc":{"start":{"line":70,"column":13},"end":{"line":74,"column":null}},"type":"if","locations":[{"start":{"line":70,"column":13},"end":{"line":74,"column":null}},{"start":{},"end":{}}],"line":70},"22":{"loc":{"start":{"line":71,"column":29},"end":{"line":71,"column":null}},"type":"binary-expr","locations":[{"start":{"line":71,"column":29},"end":{"line":71,"column":56}},{"start":{"line":71,"column":56},"end":{"line":71,"column":null}}],"line":71},"23":{"loc":{"start":{"line":73,"column":4},"end":{"line":73,"column":null}},"type":"if","locations":[{"start":{"line":73,"column":4},"end":{"line":73,"column":null}},{"start":{},"end":{}}],"line":73},"24":{"loc":{"start":{"line":74,"column":4},"end":{"line":74,"column":null}},"type":"if","locations":[{"start":{"line":74,"column":4},"end":{"line":74,"column":null}},{"start":{},"end":{}}],"line":74},"25":{"loc":{"start":{"line":79,"column":11},"end":{"line":79,"column":null}},"type":"binary-expr","locations":[{"start":{"line":79,"column":11},"end":{"line":79,"column":29}},{"start":{"line":79,"column":33},"end":{"line":79,"column":null}}],"line":79},"26":{"loc":{"start":{"line":80,"column":17},"end":{"line":80,"column":null}},"type":"binary-expr","locations":[{"start":{"line":80,"column":17},"end":{"line":80,"column":37}},{"start":{"line":80,"column":37},"end":{"line":80,"column":null}}],"line":80},"27":{"loc":{"start":{"line":81,"column":21},"end":{"line":81,"column":77}},"type":"cond-expr","locations":[{"start":{"line":81,"column":52},"end":{"line":81,"column":75}},{"start":{"line":81,"column":75},"end":{"line":81,"column":77}}],"line":81},"28":{"loc":{"start":{"line":82,"column":19},"end":{"line":82,"column":null}},"type":"cond-expr","locations":[{"start":{"line":82,"column":48},"end":{"line":82,"column":69}},{"start":{"line":82,"column":69},"end":{"line":82,"column":null}}],"line":82},"29":{"loc":{"start":{"line":83,"column":18},"end":{"line":83,"column":98}},"type":"binary-expr","locations":[{"start":{"line":83,"column":18},"end":{"line":83,"column":39}},{"start":{"line":83,"column":39},"end":{"line":83,"column":98}}],"line":83},"30":{"loc":{"start":{"line":94,"column":18},"end":{"line":94,"column":null}},"type":"cond-expr","locations":[{"start":{"line":94,"column":46},"end":{"line":94,"column":66}},{"start":{"line":94,"column":66},"end":{"line":94,"column":null}}],"line":94},"31":{"loc":{"start":{"line":95,"column":17},"end":{"line":95,"column":null}},"type":"cond-expr","locations":[{"start":{"line":95,"column":44},"end":{"line":95,"column":63}},{"start":{"line":95,"column":63},"end":{"line":95,"column":null}}],"line":95},"32":{"loc":{"start":{"line":96,"column":19},"end":{"line":96,"column":null}},"type":"binary-expr","locations":[{"start":{"line":96,"column":19},"end":{"line":96,"column":41}},{"start":{"line":96,"column":41},"end":{"line":96,"column":null}}],"line":96},"33":{"loc":{"start":{"line":97,"column":23},"end":{"line":97,"column":null}},"type":"binary-expr","locations":[{"start":{"line":97,"column":23},"end":{"line":97,"column":49}},{"start":{"line":97,"column":49},"end":{"line":97,"column":null}}],"line":97},"34":{"loc":{"start":{"line":98,"column":22},"end":{"line":98,"column":null}},"type":"cond-expr","locations":[{"start":{"line":98,"column":54},"end":{"line":98,"column":78}},{"start":{"line":98,"column":78},"end":{"line":98,"column":null}}],"line":98},"35":{"loc":{"start":{"line":99,"column":19},"end":{"line":99,"column":null}},"type":"binary-expr","locations":[{"start":{"line":99,"column":19},"end":{"line":99,"column":41}},{"start":{"line":99,"column":41},"end":{"line":99,"column":null}}],"line":99}},"s":{"0":321,"1":294,"2":27,"3":27,"4":2,"5":25,"6":17,"7":17,"8":4,"9":13,"10":13,"11":10,"12":10,"13":7,"14":6,"15":1,"16":27,"17":4,"18":23,"19":23,"20":17,"21":17,"22":12,"23":12,"24":8,"25":1,"26":7,"27":1,"28":6,"29":1,"30":5,"31":4,"32":4,"33":1,"34":34,"35":34,"36":28,"37":6,"38":2,"39":4,"40":1,"41":3,"42":2,"43":2,"44":2,"45":1,"46":2,"47":1,"48":34},"f":{"0":321,"1":17,"2":27,"3":34},"b":{"0":[294,27],"1":[321,29,28],"2":[2,25],"3":[4,13],"4":[3,10],"5":[3,7],"6":[6,1],"7":[6,3],"8":[4,23],"9":[6,17],"10":[5,12],"11":[4,8],"12":[4,3],"13":[1,7],"14":[1,6],"15":[1,5],"16":[4,1],"17":[4,3],"18":[28,6],"19":[2,4],"20":[1,3],"21":[2,1],"22":[2,1],"23":[1,1],"24":[1,1],"25":[34,32],"26":[34,32],"27":[2,32],"28":[2,32],"29":[34,1],"30":[2,32],"31":[2,32],"32":[34,32],"33":[34,33],"34":[2,32],"35":[34,33]},"meta":{"lastBranch":36,"lastFunction":4,"lastStatement":49,"seen":{"f:7:16:7:22":0,"b:8:2:8:Infinity:undefined:undefined:undefined:undefined":0,"s:8:2:8:Infinity":0,"b:8:6:8:18:8:18:8:32:8:32:8:49":1,"s:8:49:8:Infinity":1,"s:9:12:9:21":2,"b:10:2:10:Infinity:undefined:undefined:undefined:undefined":2,"s:10:2:10:Infinity":3,"s:10:20:10:Infinity":4,"s:11:2:11:Infinity":5,"f:19:16:19:33":1,"s:20:76:20:Infinity":6,"b:22:2:22:Infinity:undefined:undefined:undefined:undefined":3,"s:22:2:22:Infinity":7,"s:22:27:22:Infinity":8,"b:23:2:23:Infinity:undefined:undefined:undefined:undefined":4,"s:23:2:23:Infinity":9,"s:23:27:23:Infinity":10,"b:24:2:24:Infinity:undefined:undefined:undefined:undefined":5,"s:24:2:24:Infinity":11,"s:24:25:24:Infinity":12,"b:25:2:26:Infinity:undefined:undefined:undefined:undefined":6,"s:25:2:26:Infinity":13,"s:26:4:26:Infinity":14,"b:26:11:26:51:26:51:26:Infinity":7,"s:28:2:28:Infinity":15,"f:39:16:39:31":2,"b:40:2:40:Infinity:undefined:undefined:undefined:undefined":8,"s:40:2:40:Infinity":16,"s:40:18:40:Infinity":17,"b:41:2:41:Infinity:undefined:undefined:undefined:undefined":9,"s:41:2:41:Infinity":18,"s:41:18:41:Infinity":19,"b:42:2:42:Infinity:undefined:undefined:undefined:undefined":10,"s:42:2:42:Infinity":20,"s:42:18:42:Infinity":21,"b:43:2:43:Infinity:undefined:undefined:undefined:undefined":11,"s:43:2:43:Infinity":22,"s:43:18:43:Infinity":23,"b:43:25:43:60:43:64:43:Infinity":12,"b:44:2:44:Infinity:undefined:undefined:undefined:undefined":13,"s:44:2:44:Infinity":24,"s:44:18:44:Infinity":25,"b:45:2:45:Infinity:undefined:undefined:undefined:undefined":14,"s:45:2:45:Infinity":26,"s:45:18:45:Infinity":27,"b:46:2:46:Infinity:undefined:undefined:undefined:undefined":15,"s:46:2:46:Infinity":28,"s:46:18:46:Infinity":29,"b:47:2:49:Infinity:undefined:undefined:undefined:undefined":16,"s:47:2:49:Infinity":30,"s:48:17:48:Infinity":31,"s:49:4:49:Infinity":32,"b:49:11:49:30:49:34:49:Infinity":17,"s:51:2:51:Infinity":33,"f:61:16:61:29":3,"s:62:14:62:16":34,"b:64:2:74:Infinity:66:13:74:Infinity":18,"s:64:2:74:Infinity":35,"s:65:4:65:Infinity":36,"b:66:13:74:Infinity:68:13:74:Infinity":19,"s:66:13:74:Infinity":37,"s:67:4:67:Infinity":38,"b:68:13:74:Infinity:70:13:74:Infinity":20,"s:68:13:74:Infinity":39,"s:69:4:69:Infinity":40,"b:70:13:74:Infinity:undefined:undefined:undefined:undefined":21,"s:70:13:74:Infinity":41,"s:71:4:71:Infinity":42,"b:71:29:71:56:71:56:71:Infinity":22,"s:72:4:72:Infinity":43,"b:73:4:73:Infinity:undefined:undefined:undefined:undefined":23,"s:73:4:73:Infinity":44,"s:73:37:73:Infinity":45,"b:74:4:74:Infinity:undefined:undefined:undefined:undefined":24,"s:74:4:74:Infinity":46,"s:74:37:74:Infinity":47,"s:77:2:100:Infinity":48,"b:79:11:79:29:79:33:79:Infinity":25,"b:80:17:80:37:80:37:80:Infinity":26,"b:81:52:81:75:81:75:81:77":27,"b:82:48:82:69:82:69:82:Infinity":28,"b:83:18:83:39:83:39:83:98":29,"b:94:46:94:66:94:66:94:Infinity":30,"b:95:44:95:63:95:63:95:Infinity":31,"b:96:19:96:41:96:41:96:Infinity":32,"b:97:23:97:49:97:49:97:Infinity":33,"b:98:54:98:78:98:78:98:Infinity":34,"b:99:19:99:41:99:41:99:Infinity":35}}}
}
