{"/Users/birwin/deal-feed-dashboard/src/lib/wizardHelpers.js": {"path":"/Users/birwin/deal-feed-dashboard/src/lib/wizardHelpers.js","statementMap":{"0":{"start":{"line":5,"column":26},"end":{"line":54,"column":null}},"1":{"start":{"line":63,"column":2},"end":{"line":63,"column":null}},"2":{"start":{"line":63,"column":49},"end":{"line":63,"column":null}},"3":{"start":{"line":64,"column":12},"end":{"line":64,"column":21}},"4":{"start":{"line":65,"column":2},"end":{"line":65,"column":null}},"5":{"start":{"line":65,"column":20},"end":{"line":65,"column":null}},"6":{"start":{"line":66,"column":2},"end":{"line":66,"column":null}},"7":{"start":{"line":80,"column":2},"end":{"line":86,"column":null}},"8":{"start":{"line":81,"column":4},"end":{"line":86,"column":null}},"9":{"start":{"line":90,"column":2},"end":{"line":91,"column":null}},"10":{"start":{"line":91,"column":4},"end":{"line":91,"column":null}},"11":{"start":{"line":94,"column":2},"end":{"line":95,"column":null}},"12":{"start":{"line":95,"column":4},"end":{"line":95,"column":null}},"13":{"start":{"line":98,"column":2},"end":{"line":98,"column":null}},"14":{"start":{"line":119,"column":2},"end":{"line":123,"column":null}},"15":{"start":{"line":120,"column":4},"end":{"line":120,"column":null}},"16":{"start":{"line":123,"column":4},"end":{"line":123,"column":null}},"17":{"start":{"line":126,"column":18},"end":{"line":189,"column":null}},"18":{"start":{"line":191,"column":2},"end":{"line":191,"column":null}},"19":{"start":{"line":206,"column":16},"end":{"line":206,"column":null}},"20":{"start":{"line":207,"column":2},"end":{"line":212,"column":null}},"21":{"start":{"line":212,"column":4},"end":{"line":212,"column":null}},"22":{"start":{"line":215,"column":2},"end":{"line":264,"column":null}}},"fnMap":{"0":{"name":"toNum","decl":{"start":{"line":62,"column":9},"end":{"line":62,"column":15}},"loc":{"start":{"line":62,"column":18},"end":{"line":66,"column":null}},"line":62},"1":{"name":"canProceedStep","decl":{"start":{"line":79,"column":16},"end":{"line":79,"column":31}},"loc":{"start":{"line":79,"column":43},"end":{"line":98,"column":null}},"line":79},"2":{"name":"buildPayload","decl":{"start":{"line":116,"column":16},"end":{"line":116,"column":29}},"loc":{"start":{"line":116,"column":35},"end":{"line":191,"column":null}},"line":116},"3":{"name":"toFormState","decl":{"start":{"line":204,"column":16},"end":{"line":204,"column":28}},"loc":{"start":{"line":204,"column":36},"end":{"line":264,"column":null}},"line":204}},"branchMap":{"0":{"loc":{"start":{"line":63,"column":2},"end":{"line":63,"column":null}},"type":"if","locations":[{"start":{"line":63,"column":2},"end":{"line":63,"column":null}},{"start":{},"end":{}}],"line":63},"1":{"loc":{"start":{"line":63,"column":6},"end":{"line":63,"column":49}},"type":"binary-expr","locations":[{"start":{"line":63,"column":6},"end":{"line":63,"column":18}},{"start":{"line":63,"column":18},"end":{"line":63,"column":32}},{"start":{"line":63,"column":32},"end":{"line":63,"column":49}}],"line":63},"2":{"loc":{"start":{"line":65,"column":2},"end":{"line":65,"column":null}},"type":"if","locations":[{"start":{"line":65,"column":2},"end":{"line":65,"column":null}},{"start":{},"end":{}}],"line":65},"3":{"loc":{"start":{"line":80,"column":2},"end":{"line":86,"column":null}},"type":"if","locations":[{"start":{"line":80,"column":2},"end":{"line":86,"column":null}},{"start":{},"end":{}}],"line":80},"4":{"loc":{"start":{"line":82,"column":6},"end":{"line":86,"column":null}},"type":"binary-expr","locations":[{"start":{"line":82,"column":6},"end":{"line":82,"column":null}},{"start":{"line":83,"column":6},"end":{"line":83,"column":null}},{"start":{"line":84,"column":6},"end":{"line":84,"column":null}},{"start":{"line":85,"column":6},"end":{"line":85,"column":null}},{"start":{"line":86,"column":6},"end":{"line":86,"column":null}}],"line":82},"5":{"loc":{"start":{"line":90,"column":2},"end":{"line":91,"column":null}},"type":"if","locations":[{"start":{"line":90,"column":2},"end":{"line":91,"column":null}},{"start":{},"end":{}}],"line":90},"6":{"loc":{"start":{"line":90,"column":6},"end":{"line":90,"column":30}},"type":"binary-expr","locations":[{"start":{"line":90,"column":6},"end":{"line":90,"column":19}},{"start":{"line":90,"column":19},"end":{"line":90,"column":30}}],"line":90},"7":{"loc":{"start":{"line":94,"column":2},"end":{"line":95,"column":null}},"type":"if","locations":[{"start":{"line":94,"column":2},"end":{"line":95,"column":null}},{"start":{},"end":{}}],"line":94},"8":{"loc":{"start":{"line":95,"column":11},"end":{"line":95,"column":null}},"type":"binary-expr","locations":[{"start":{"line":95,"column":11},"end":{"line":95,"column":32}},{"start":{"line":95,"column":32},"end":{"line":95,"column":null}}],"line":95},"9":{"loc":{"start":{"line":119,"column":2},"end":{"line":123,"column":null}},"type":"if","locations":[{"start":{"line":119,"column":2},"end":{"line":123,"column":null}},{"start":{"line":121,"column":9},"end":{"line":123,"column":null}}],"line":119},"10":{"loc":{"start":{"line":131,"column":19},"end":{"line":131,"column":null}},"type":"cond-expr","locations":[{"start":{"line":131,"column":59},"end":{"line":131,"column":73}},{"start":{"line":131,"column":73},"end":{"line":131,"column":null}}],"line":131},"11":{"loc":{"start":{"line":131,"column":19},"end":{"line":131,"column":59}},"type":"binary-expr","locations":[{"start":{"line":131,"column":19},"end":{"line":131,"column":34}},{"start":{"line":131,"column":34},"end":{"line":131,"column":59}}],"line":131},"12":{"loc":{"start":{"line":135,"column":16},"end":{"line":135,"column":null}},"type":"cond-expr","locations":[{"start":{"line":135,"column":64},"end":{"line":135,"column":82}},{"start":{"line":135,"column":82},"end":{"line":135,"column":null}}],"line":135},"13":{"loc":{"start":{"line":135,"column":16},"end":{"line":135,"column":64}},"type":"binary-expr","locations":[{"start":{"line":135,"column":16},"end":{"line":135,"column":35}},{"start":{"line":135,"column":35},"end":{"line":135,"column":64}}],"line":135},"14":{"loc":{"start":{"line":137,"column":6},"end":{"line":137,"column":null}},"type":"cond-expr","locations":[{"start":{"line":137,"column":58},"end":{"line":137,"column":78}},{"start":{"line":137,"column":78},"end":{"line":137,"column":null}}],"line":137},"15":{"loc":{"start":{"line":137,"column":6},"end":{"line":137,"column":58}},"type":"binary-expr","locations":[{"start":{"line":137,"column":6},"end":{"line":137,"column":27}},{"start":{"line":137,"column":27},"end":{"line":137,"column":58}}],"line":137},"16":{"loc":{"start":{"line":138,"column":14},"end":{"line":138,"column":null}},"type":"cond-expr","locations":[{"start":{"line":138,"column":58},"end":{"line":138,"column":74}},{"start":{"line":138,"column":74},"end":{"line":138,"column":null}}],"line":138},"17":{"loc":{"start":{"line":138,"column":14},"end":{"line":138,"column":58}},"type":"binary-expr","locations":[{"start":{"line":138,"column":14},"end":{"line":138,"column":31}},{"start":{"line":138,"column":31},"end":{"line":138,"column":58}}],"line":138},"18":{"loc":{"start":{"line":152,"column":6},"end":{"line":154,"column":null}},"type":"cond-expr","locations":[{"start":{"line":153,"column":10},"end":{"line":153,"column":null}},{"start":{"line":154,"column":10},"end":{"line":154,"column":null}}],"line":152},"19":{"loc":{"start":{"line":152,"column":6},"end":{"line":152,"column":null}},"type":"binary-expr","locations":[{"start":{"line":152,"column":6},"end":{"line":152,"column":32}},{"start":{"line":152,"column":32},"end":{"line":152,"column":null}}],"line":152},"20":{"loc":{"start":{"line":163,"column":17},"end":{"line":163,"column":null}},"type":"cond-expr","locations":[{"start":{"line":163,"column":69},"end":{"line":163,"column":89}},{"start":{"line":163,"column":89},"end":{"line":163,"column":null}}],"line":163},"21":{"loc":{"start":{"line":163,"column":17},"end":{"line":163,"column":69}},"type":"binary-expr","locations":[{"start":{"line":163,"column":17},"end":{"line":163,"column":38}},{"start":{"line":163,"column":38},"end":{"line":163,"column":69}}],"line":163},"22":{"loc":{"start":{"line":170,"column":22},"end":{"line":170,"column":null}},"type":"cond-expr","locations":[{"start":{"line":170,"column":64},"end":{"line":170,"column":79}},{"start":{"line":170,"column":79},"end":{"line":170,"column":null}}],"line":170},"23":{"loc":{"start":{"line":170,"column":22},"end":{"line":170,"column":64}},"type":"binary-expr","locations":[{"start":{"line":170,"column":22},"end":{"line":170,"column":38}},{"start":{"line":170,"column":38},"end":{"line":170,"column":64}}],"line":170},"24":{"loc":{"start":{"line":207,"column":2},"end":{"line":212,"column":null}},"type":"if","locations":[{"start":{"line":207,"column":2},"end":{"line":212,"column":null}},{"start":{},"end":{}}],"line":207},"25":{"loc":{"start":{"line":208,"column":4},"end":{"line":210,"column":null}},"type":"binary-expr","locations":[{"start":{"line":208,"column":4},"end":{"line":208,"column":null}},{"start":{"line":209,"column":4},"end":{"line":209,"column":null}},{"start":{"line":210,"column":4},"end":{"line":210,"column":null}}],"line":208},"26":{"loc":{"start":{"line":216,"column":12},"end":{"line":216,"column":65}},"type":"cond-expr","locations":[{"start":{"line":216,"column":35},"end":{"line":216,"column":60}},{"start":{"line":216,"column":63},"end":{"line":216,"column":65}}],"line":216},"27":{"loc":{"start":{"line":218,"column":14},"end":{"line":218,"column":61}},"type":"cond-expr","locations":[{"start":{"line":218,"column":34},"end":{"line":218,"column":56}},{"start":{"line":218,"column":59},"end":{"line":218,"column":61}}],"line":218},"28":{"loc":{"start":{"line":219,"column":16},"end":{"line":219,"column":67}},"type":"cond-expr","locations":[{"start":{"line":219,"column":38},"end":{"line":219,"column":62}},{"start":{"line":219,"column":65},"end":{"line":219,"column":67}}],"line":219},"29":{"loc":{"start":{"line":220,"column":12},"end":{"line":220,"column":null}},"type":"cond-expr","locations":[{"start":{"line":220,"column":30},"end":{"line":220,"column":50}},{"start":{"line":220,"column":53},"end":{"line":220,"column":null}}],"line":220},"30":{"loc":{"start":{"line":223,"column":14},"end":{"line":223,"column":null}},"type":"binary-expr","locations":[{"start":{"line":223,"column":14},"end":{"line":223,"column":31}},{"start":{"line":223,"column":31},"end":{"line":223,"column":null}}],"line":223},"31":{"loc":{"start":{"line":224,"column":14},"end":{"line":224,"column":null}},"type":"binary-expr","locations":[{"start":{"line":224,"column":14},"end":{"line":224,"column":31}},{"start":{"line":224,"column":31},"end":{"line":224,"column":null}}],"line":224},"32":{"loc":{"start":{"line":225,"column":17},"end":{"line":225,"column":null}},"type":"binary-expr","locations":[{"start":{"line":225,"column":17},"end":{"line":225,"column":37}},{"start":{"line":225,"column":37},"end":{"line":225,"column":null}}],"line":225},"33":{"loc":{"start":{"line":226,"column":17},"end":{"line":226,"column":null}},"type":"binary-expr","locations":[{"start":{"line":226,"column":17},"end":{"line":226,"column":37}},{"start":{"line":226,"column":37},"end":{"line":226,"column":null}}],"line":226},"34":{"loc":{"start":{"line":227,"column":16},"end":{"line":227,"column":null}},"type":"binary-expr","locations":[{"start":{"line":227,"column":16},"end":{"line":227,"column":41}},{"start":{"line":227,"column":41},"end":{"line":227,"column":null}}],"line":227},"35":{"loc":{"start":{"line":228,"column":16},"end":{"line":228,"column":null}},"type":"binary-expr","locations":[{"start":{"line":228,"column":16},"end":{"line":228,"column":41}},{"start":{"line":228,"column":41},"end":{"line":228,"column":null}}],"line":228},"36":{"loc":{"start":{"line":229,"column":19},"end":{"line":229,"column":null}},"type":"binary-expr","locations":[{"start":{"line":229,"column":19},"end":{"line":229,"column":41}},{"start":{"line":229,"column":41},"end":{"line":229,"column":null}}],"line":229},"37":{"loc":{"start":{"line":230,"column":19},"end":{"line":230,"column":null}},"type":"binary-expr","locations":[{"start":{"line":230,"column":19},"end":{"line":230,"column":41}},{"start":{"line":230,"column":41},"end":{"line":230,"column":null}}],"line":230},"38":{"loc":{"start":{"line":231,"column":17},"end":{"line":231,"column":null}},"type":"binary-expr","locations":[{"start":{"line":231,"column":17},"end":{"line":231,"column":37}},{"start":{"line":231,"column":37},"end":{"line":231,"column":null}}],"line":231},"39":{"loc":{"start":{"line":232,"column":17},"end":{"line":232,"column":null}},"type":"binary-expr","locations":[{"start":{"line":232,"column":17},"end":{"line":232,"column":37}},{"start":{"line":232,"column":37},"end":{"line":232,"column":null}}],"line":232},"40":{"loc":{"start":{"line":233,"column":20},"end":{"line":233,"column":null}},"type":"cond-expr","locations":[{"start":{"line":233,"column":42},"end":{"line":233,"column":66}},{"start":{"line":233,"column":69},"end":{"line":233,"column":null}}],"line":233},"41":{"loc":{"start":{"line":236,"column":17},"end":{"line":236,"column":null}},"type":"binary-expr","locations":[{"start":{"line":236,"column":17},"end":{"line":236,"column":37}},{"start":{"line":236,"column":37},"end":{"line":236,"column":null}}],"line":236},"42":{"loc":{"start":{"line":237,"column":17},"end":{"line":237,"column":null}},"type":"binary-expr","locations":[{"start":{"line":237,"column":17},"end":{"line":237,"column":37}},{"start":{"line":237,"column":37},"end":{"line":237,"column":null}}],"line":237},"43":{"loc":{"start":{"line":238,"column":21},"end":{"line":238,"column":null}},"type":"binary-expr","locations":[{"start":{"line":238,"column":21},"end":{"line":238,"column":46}},{"start":{"line":238,"column":46},"end":{"line":238,"column":null}}],"line":238},"44":{"loc":{"start":{"line":239,"column":29},"end":{"line":239,"column":null}},"type":"cond-expr","locations":[{"start":{"line":239,"column":60},"end":{"line":239,"column":67}},{"start":{"line":239,"column":67},"end":{"line":239,"column":null}}],"line":239},"45":{"loc":{"start":{"line":242,"column":14},"end":{"line":242,"column":63}},"type":"cond-expr","locations":[{"start":{"line":242,"column":35},"end":{"line":242,"column":58}},{"start":{"line":242,"column":61},"end":{"line":242,"column":63}}],"line":242},"46":{"loc":{"start":{"line":243,"column":17},"end":{"line":243,"column":null}},"type":"cond-expr","locations":[{"start":{"line":243,"column":40},"end":{"line":243,"column":53}},{"start":{"line":243,"column":53},"end":{"line":243,"column":null}}],"line":243},"47":{"loc":{"start":{"line":244,"column":16},"end":{"line":244,"column":null}},"type":"binary-expr","locations":[{"start":{"line":244,"column":16},"end":{"line":244,"column":42}},{"start":{"line":244,"column":42},"end":{"line":244,"column":null}}],"line":244},"48":{"loc":{"start":{"line":245,"column":16},"end":{"line":245,"column":null}},"type":"binary-expr","locations":[{"start":{"line":245,"column":16},"end":{"line":245,"column":42}},{"start":{"line":245,"column":42},"end":{"line":245,"column":null}}],"line":245},"49":{"loc":{"start":{"line":246,"column":20},"end":{"line":246,"column":null}},"type":"cond-expr","locations":[{"start":{"line":246,"column":47},"end":{"line":246,"column":54}},{"start":{"line":246,"column":54},"end":{"line":246,"column":null}}],"line":246},"50":{"loc":{"start":{"line":248,"column":13},"end":{"line":248,"column":72}},"type":"cond-expr","locations":[{"start":{"line":248,"column":39},"end":{"line":248,"column":67}},{"start":{"line":248,"column":70},"end":{"line":248,"column":72}}],"line":248},"51":{"loc":{"start":{"line":250,"column":12},"end":{"line":250,"column":null}},"type":"binary-expr","locations":[{"start":{"line":250,"column":12},"end":{"line":250,"column":42}},{"start":{"line":250,"column":42},"end":{"line":250,"column":null}}],"line":250},"52":{"loc":{"start":{"line":253,"column":19},"end":{"line":253,"column":null}},"type":"binary-expr","locations":[{"start":{"line":253,"column":19},"end":{"line":253,"column":46}},{"start":{"line":253,"column":46},"end":{"line":253,"column":null}}],"line":253},"53":{"loc":{"start":{"line":254,"column":21},"end":{"line":254,"column":null}},"type":"cond-expr","locations":[{"start":{"line":254,"column":44},"end":{"line":254,"column":51}},{"start":{"line":254,"column":51},"end":{"line":254,"column":null}}],"line":254},"54":{"loc":{"start":{"line":255,"column":20},"end":{"line":255,"column":null}},"type":"binary-expr","locations":[{"start":{"line":255,"column":20},"end":{"line":255,"column":48}},{"start":{"line":255,"column":48},"end":{"line":255,"column":null}}],"line":255},"55":{"loc":{"start":{"line":256,"column":16},"end":{"line":256,"column":null}},"type":"binary-expr","locations":[{"start":{"line":256,"column":16},"end":{"line":256,"column":40}},{"start":{"line":256,"column":40},"end":{"line":256,"column":null}}],"line":256},"56":{"loc":{"start":{"line":258,"column":15},"end":{"line":258,"column":null}},"type":"binary-expr","locations":[{"start":{"line":258,"column":15},"end":{"line":258,"column":41}},{"start":{"line":258,"column":41},"end":{"line":258,"column":null}}],"line":258},"57":{"loc":{"start":{"line":259,"column":10},"end":{"line":259,"column":null}},"type":"binary-expr","locations":[{"start":{"line":259,"column":10},"end":{"line":259,"column":26}},{"start":{"line":259,"column":26},"end":{"line":259,"column":null}}],"line":259},"58":{"loc":{"start":{"line":262,"column":19},"end":{"line":262,"column":null}},"type":"binary-expr","locations":[{"start":{"line":262,"column":19},"end":{"line":262,"column":50}},{"start":{"line":262,"column":50},"end":{"line":262,"column":null}}],"line":262}},"s":{"0":1,"1":480,"2":432,"3":48,"4":48,"5":0,"6":48,"7":12,"8":4,"9":8,"10":4,"11":4,"12":4,"13":0,"14":32,"15":1,"16":31,"17":32,"18":32,"19":27,"20":27,"21":1,"22":27},"f":{"0":480,"1":12,"2":32,"3":27},"b":{"0":[432,48],"1":[480,480,48],"2":[0,48],"3":[4,8],"4":[4,4,2,2,2],"5":[4,4],"6":[8,8],"7":[4,0],"8":[4,3],"9":[1,31],"10":[32,0],"11":[32,32],"12":[30,2],"13":[32,32],"14":[2,30],"15":[32,32],"16":[2,30],"17":[32,32],"18":[0,32],"19":[32,2],"20":[3,29],"21":[32,32],"22":[3,29],"23":[32,32],"24":[1,26],"25":[27,27,27],"26":[26,1],"27":[26,1],"28":[27,0],"29":[27,0],"30":[27,26],"31":[27,26],"32":[27,26],"33":[27,26],"34":[27,25],"35":[27,25],"36":[27,26],"37":[27,26],"38":[27,26],"39":[27,26],"40":[0,27],"41":[27,25],"42":[27,25],"43":[27,25],"44":[0,27],"45":[27,0],"46":[2,25],"47":[27,25],"48":[27,25],"49":[1,26],"50":[27,0],"51":[27,1],"52":[27,1],"53":[1,26],"54":[27,0],"55":[27,0],"56":[27,1],"57":[27,0],"58":[27,1]},"meta":{"lastBranch":59,"lastFunction":4,"lastStatement":23,"seen":{"s:5:26:54:Infinity":0,"f:62:9:62:15":0,"b:63:2:63:Infinity:undefined:undefined:undefined:undefined":0,"s:63:2:63:Infinity":1,"b:63:6:63:18:63:18:63:32:63:32:63:49":1,"s:63:49:63:Infinity":2,"s:64:12:64:21":3,"b:65:2:65:Infinity:undefined:undefined:undefined:undefined":2,"s:65:2:65:Infinity":4,"s:65:20:65:Infinity":5,"s:66:2:66:Infinity":6,"f:79:16:79:31":1,"b:80:2:86:Infinity:undefined:undefined:undefined:undefined":3,"s:80:2:86:Infinity":7,"s:81:4:86:Infinity":8,"b:82:6:82:Infinity:83:6:83:Infinity:84:6:84:Infinity:85:6:85:Infinity:86:6:86:Infinity":4,"b:90:2:91:Infinity:undefined:undefined:undefined:undefined":5,"s:90:2:91:Infinity":9,"b:90:6:90:19:90:19:90:30":6,"s:91:4:91:Infinity":10,"b:94:2:95:Infinity:undefined:undefined:undefined:undefined":7,"s:94:2:95:Infinity":11,"s:95:4:95:Infinity":12,"b:95:11:95:32:95:32:95:Infinity":8,"s:98:2:98:Infinity":13,"f:116:16:116:29":2,"b:119:2:123:Infinity:121:9:123:Infinity":9,"s:119:2:123:Infinity":14,"s:120:4:120:Infinity":15,"s:123:4:123:Infinity":16,"s:126:18:189:Infinity":17,"b:131:59:131:73:131:73:131:Infinity":10,"b:131:19:131:34:131:34:131:59":11,"b:135:64:135:82:135:82:135:Infinity":12,"b:135:16:135:35:135:35:135:64":13,"b:137:58:137:78:137:78:137:Infinity":14,"b:137:6:137:27:137:27:137:58":15,"b:138:58:138:74:138:74:138:Infinity":16,"b:138:14:138:31:138:31:138:58":17,"b:153:10:153:Infinity:154:10:154:Infinity":18,"b:152:6:152:32:152:32:152:Infinity":19,"b:163:69:163:89:163:89:163:Infinity":20,"b:163:17:163:38:163:38:163:69":21,"b:170:64:170:79:170:79:170:Infinity":22,"b:170:22:170:38:170:38:170:64":23,"s:191:2:191:Infinity":18,"f:204:16:204:28":3,"s:206:16:206:Infinity":19,"b:207:2:212:Infinity:undefined:undefined:undefined:undefined":24,"s:207:2:212:Infinity":20,"b:208:4:208:Infinity:209:4:209:Infinity:210:4:210:Infinity":25,"s:212:4:212:Infinity":21,"s:215:2:264:Infinity":22,"b:216:35:216:60:216:63:216:65":26,"b:218:34:218:56:218:59:218:61":27,"b:219:38:219:62:219:65:219:67":28,"b:220:30:220:50:220:53:220:Infinity":29,"b:223:14:223:31:223:31:223:Infinity":30,"b:224:14:224:31:224:31:224:Infinity":31,"b:225:17:225:37:225:37:225:Infinity":32,"b:226:17:226:37:226:37:226:Infinity":33,"b:227:16:227:41:227:41:227:Infinity":34,"b:228:16:228:41:228:41:228:Infinity":35,"b:229:19:229:41:229:41:229:Infinity":36,"b:230:19:230:41:230:41:230:Infinity":37,"b:231:17:231:37:231:37:231:Infinity":38,"b:232:17:232:37:232:37:232:Infinity":39,"b:233:42:233:66:233:69:233:Infinity":40,"b:236:17:236:37:236:37:236:Infinity":41,"b:237:17:237:37:237:37:237:Infinity":42,"b:238:21:238:46:238:46:238:Infinity":43,"b:239:60:239:67:239:67:239:Infinity":44,"b:242:35:242:58:242:61:242:63":45,"b:243:40:243:53:243:53:243:Infinity":46,"b:244:16:244:42:244:42:244:Infinity":47,"b:245:16:245:42:245:42:245:Infinity":48,"b:246:47:246:54:246:54:246:Infinity":49,"b:248:39:248:67:248:70:248:72":50,"b:250:12:250:42:250:42:250:Infinity":51,"b:253:19:253:46:253:46:253:Infinity":52,"b:254:44:254:51:254:51:254:Infinity":53,"b:255:20:255:48:255:48:255:Infinity":54,"b:256:16:256:40:256:40:256:Infinity":55,"b:258:15:258:41:258:41:258:Infinity":56,"b:259:10:259:26:259:26:259:Infinity":57,"b:262:19:262:50:262:50:262:Infinity":58}}}
}
